<?xml version="1.0" encoding="UTF-8" standalone="yes"?><!DOCTYPE report PUBLIC "-//JACOCO//DTD Report 1.1//EN" "report.dtd"><report name="testa-jacoco"><sessioninfo id="arthur-HP-ProBook-440-G5-2d562cf5" start="1636294085085" dump="1636294085528"/><sessioninfo id="arthur-HP-ProBook-440-G5-5b9154f5" start="1636294865550" dump="1636294866002"/><sessioninfo id="arthur-HP-ProBook-440-G5-173a53eb" start="1636294906509" dump="1636294906925"/><sessioninfo id="arthur-HP-ProBook-440-G5-6a611c2c" start="1636295017523" dump="1636295017953"/><sessioninfo id="arthur-HP-ProBook-440-G5-da08aaca" start="1636295178078" dump="1636295178504"/><sessioninfo id="arthur-HP-ProBook-440-G5-d318e884" start="1636295257806" dump="1636295258225"/><sessioninfo id="arthur-HP-ProBook-440-G5-fdec1d0c" start="1636295361420" dump="1636295361856"/><sessioninfo id="arthur-HP-ProBook-440-G5-467ccfe8" start="1636295448425" dump="1636295448858"/><sessioninfo id="arthur-HP-ProBook-440-G5-db134590" start="1636295560899" dump="1636295561336"/><sessioninfo id="arthur-HP-ProBook-440-G5-f4768928" start="1636295619826" dump="1636295620260"/><sessioninfo id="arthur-HP-ProBook-440-G5-70488620" start="1636295646441" dump="1636295646858"/><sessioninfo id="arthur-HP-ProBook-440-G5-5907f6cd" start="1636295676398" dump="1636295676818"/><sessioninfo id="arthur-HP-ProBook-440-G5-a41ecd7e" start="1636295705913" dump="1636295706341"/><sessioninfo id="arthur-HP-ProBook-440-G5-bf7a584a" start="1636295739800" dump="1636295740230"/><sessioninfo id="arthur-HP-ProBook-440-G5-ade22148" start="1636295775014" dump="1636295775441"/><sessioninfo id="arthur-HP-ProBook-440-G5-4f76f86d" start="1636295803067" dump="1636295803479"/><sessioninfo id="arthur-HP-ProBook-440-G5-30477c3c" start="1636295832392" dump="1636295832827"/><sessioninfo id="arthur-HP-ProBook-440-G5-e9198ab3" start="1636295859413" dump="1636295859825"/><sessioninfo id="arthur-HP-ProBook-440-G5-f8922d3b" start="1636296062907" dump="1636296063323"/><sessioninfo id="arthur-HP-ProBook-440-G5-575a8334" start="1636296145359" dump="1636296145799"/><sessioninfo id="arthur-HP-ProBook-440-G5-3e3a3850" start="1636296404306" dump="1636296404795"/><sessioninfo id="arthur-HP-ProBook-440-G5-7fbcd78" start="1636296546002" dump="1636296546476"/><sessioninfo id="arthur-HP-ProBook-440-G5-42b66d1" start="1636296566303" dump="1636296566762"/><sessioninfo id="arthur-HP-ProBook-440-G5-fce3d5b9" start="1636296625907" dump="1636296626363"/><sessioninfo id="arthur-HP-ProBook-440-G5-dfe0ea68" start="1636296654869" dump="1636296655344"/><sessioninfo id="arthur-HP-ProBook-440-G5-235217f8" start="1636296680308" dump="1636296680766"/><sessioninfo id="arthur-HP-ProBook-440-G5-ce1c8609" start="1636296723278" dump="1636296723758"/><sessioninfo id="arthur-HP-ProBook-440-G5-cf60a3f7" start="1636296749576" dump="1636296750016"/><sessioninfo id="arthur-HP-ProBook-440-G5-e960eb23" start="1636296790533" dump="1636296790977"/><sessioninfo id="arthur-HP-ProBook-440-G5-d8b2c2c" start="1636296846443" dump="1636296846962"/><sessioninfo id="arthur-HP-ProBook-440-G5-f93bea6" start="1636297029500" dump="1636297029964"/><sessioninfo id="arthur-HP-ProBook-440-G5-6824f87e" start="1636298932994" dump="1636298933434"/><package name=""><class name="Taxador" sourcefilename="Taxador.java"><method name="&lt;init&gt;" desc="()V" line="2"><counter type="INSTRUCTION" missed="0" covered="3"/><counter type="LINE" missed="0" covered="1"/><counter type="COMPLEXITY" missed="0" covered="1"/><counter type="METHOD" missed="0" covered="1"/></method><method name="calcula_taxa_desconto" desc="(Ljava/lang/String;I)I" line="5"><counter type="INSTRUCTION" missed="0" covered="33"/><counter type="BRANCH" missed="0" covered="12"/><counter type="LINE" missed="0" covered="8"/><counter type="COMPLEXITY" missed="0" covered="7"/><counter type="METHOD" missed="0" covered="1"/></method><counter type="INSTRUCTION" missed="0" covered="36"/><counter type="BRANCH" missed="0" covered="12"/><counter type="LINE" missed="0" covered="9"/><counter type="COMPLEXITY" missed="0" covered="8"/><counter type="METHOD" missed="0" covered="2"/><counter type="CLASS" missed="0" covered="1"/></class><sourcefile name="Taxador.java"><line nr="2" mi="0" ci="3" mb="0" cb="0"/><line nr="5" mi="0" ci="2" mb="0" cb="0"/><line nr="7" mi="0" ci="7" mb="0" cb="4"/><line nr="9" mi="0" ci="3" mb="0" cb="0"/><line nr="13" mi="0" ci="7" mb="0" cb="4"/><line nr="15" mi="0" ci="3" mb="0" cb="0"/><line nr="19" mi="0" ci="7" mb="0" cb="4"/><line nr="21" mi="0" ci="2" mb="0" cb="0"/><line nr="25" mi="0" ci="2" mb="0" cb="0"/><counter type="INSTRUCTION" missed="0" covered="36"/><counter type="BRANCH" missed="0" covered="12"/><counter type="LINE" missed="0" covered="9"/><counter type="COMPLEXITY" missed="0" covered="8"/><counter type="METHOD" missed="0" covered="2"/><counter type="CLASS" missed="0" covered="1"/></sourcefile><counter type="INSTRUCTION" missed="0" covered="36"/><counter type="BRANCH" missed="0" covered="12"/><counter type="LINE" missed="0" covered="9"/><counter type="COMPLEXITY" missed="0" covered="8"/><counter type="METHOD" missed="0" covered="2"/><counter type="CLASS" missed="0" covered="1"/></package><counter type="INSTRUCTION" missed="0" covered="36"/><counter type="BRANCH" missed="0" covered="12"/><counter type="LINE" missed="0" covered="9"/><counter type="COMPLEXITY" missed="0" covered="8"/><counter type="METHOD" missed="0" covered="2"/><counter type="CLASS" missed="0" covered="1"/></report>